<?xml version="1.0" encoding="UTF-8"?>
<!-- Generated by org.testng.reporters.JUnitReportReporter -->
<testsuite hostname="DESKTOP-MH8S061" failures="0" tests="2" name="Test.LaunchTest" time="0.000" errors="0" timestamp="2025-10-27T01:17:28 GMT-07:00" skipped="2">
  <testcase classname="Test.LaunchTest" name="gettitle" time="0.000">
    <skipped/>
  </testcase> <!-- gettitle -->
  <testcase classname="Test.LaunchTest" name="clickonclose" time="0.000">
    <skipped/>
  </testcase> <!-- clickonclose -->
</testsuite> <!-- Test.LaunchTest -->
