<?xml version="1.0" encoding="UTF-8"?>
<!-- Generated by org.testng.reporters.JUnitReportReporter -->
<testsuite hostname="DESKTOP-MH8S061" failures="0" tests="7" name="Test.SuitsTest" time="8.541" errors="0" timestamp="2025-11-01T10:09:28 GMT-07:00" skipped="0">
  <testcase classname="Test.SuitsTest" name="clickonCart" time="1.186"/>
  <testcase classname="Test.SuitsTest" name="clickonclose" time="6.712"/>
  <testcase classname="Test.SuitsTest" name="clickonallsuitssets" time="0.006"/>
  <testcase classname="Test.SuitsTest" name="filldetails" time="0.019"/>
  <testcase classname="Test.SuitsTest" name="clickonsearchbutton" time="0.590"/>
  <testcase classname="Test.SuitsTest" name="clickonfeatured" time="0.005"/>
  <testcase classname="Test.SuitsTest" name="clickonsuitsets" time="0.023"/>
</testsuite> <!-- Test.SuitsTest -->
