<?xml version="1.0" encoding="UTF-8"?>
<!-- Generated by org.testng.reporters.JUnitReportReporter -->
<testsuite hostname="DESKTOP-MH8S061" failures="0" tests="2" name="Test.LaunchTest" time="7.456" errors="0" timestamp="2025-10-23T23:40:15 GMT-07:00" skipped="0">
  <testcase classname="Test.LaunchTest" name="clickonclose" time="5.556"/>
  <testcase classname="Test.LaunchTest" name="gettitle" time="1.900"/>
</testsuite> <!-- Test.LaunchTest -->
