<?xml version="1.0" encoding="UTF-8"?>
<!-- Generated by org.testng.reporters.JUnitReportReporter -->
<testsuite hostname="DESKTOP-MH8S061" failures="0" tests="2" name="Test.LaunchTest" time="1.412" errors="0" timestamp="2025-11-01T10:01:13 GMT-07:00" skipped="0">
  <testcase classname="Test.LaunchTest" name="clickonclose" time="1.100"/>
  <testcase classname="Test.LaunchTest" name="gettitle" time="0.312"/>
</testsuite> <!-- Test.LaunchTest -->
